<?xml version="1.0" encoding="UTF-8"?>
<!-- Generated by org.testng.reporters.JUnitReportReporter -->
<testsuite hostname="Savitha" failures="0" tests="1" name="com.example.TestDetails2" time="0.003" errors="0" timestamp="2022-10-06T17:21:05 IST" skipped="0">
  <testcase classname="com.example.TestDetails2" name="testmethod" time="0.003"/>
</testsuite> <!-- com.example.TestDetails2 -->
