<?xml version="1.0" encoding="UTF-8"?>
<!-- Generated by org.testng.reporters.JUnitReportReporter -->
<testsuite hostname="Savitha" failures="0" tests="3" name="com.example.TestAnnotationBeforeGroups" time="0.025" errors="0" timestamp="2022-10-06T15:12:17 IST" skipped="0">
  <testcase classname="com.example.TestAnnotationBeforeGroups" name="testMethod" time="0.018"/>
  <testcase classname="com.example.TestAnnotationBeforeGroups" name="testMethod1" time="0.003"/>
  <testcase classname="com.example.TestAnnotationBeforeGroups" name="testMethod2" time="0.004"/>
</testsuite> <!-- com.example.TestAnnotationBeforeGroups -->
