<?xml version="1.0" encoding="UTF-8"?>
<!-- Generated by org.testng.reporters.JUnitReportReporter -->
<testsuite hostname="Savitha" failures="0" tests="1" name="com.example.XpathExample" time="66.455" errors="0" timestamp="2022-10-05T15:09:10 IST" skipped="0">
  <testcase classname="com.example.XpathExample" name="f" time="66.455"/>
</testsuite> <!-- com.example.XpathExample -->
