<?xml version="1.0" encoding="UTF-8"?>
<!-- Generated by org.testng.reporters.JUnitReportReporter -->
<testsuite hostname="Savitha" failures="0" tests="1" name="com.example.waitTest" time="102.803" errors="0" timestamp="2022-10-05T15:42:51 IST" skipped="0">
  <testcase classname="com.example.waitTest" name="testUntitled" time="102.803"/>
</testsuite> <!-- com.example.waitTest -->
