<?xml version="1.0" encoding="UTF-8"?>
<!-- Generated by org.testng.reporters.JUnitReportReporter -->
<testsuite hostname="Savitha" failures="0" tests="1" name="com.example.Testcase1" time="54.849" errors="0" timestamp="2022-10-04T21:52:09 IST" skipped="0">
  <testcase classname="com.example.Testcase1" name="f" time="54.849"/>
</testsuite> <!-- com.example.Testcase1 -->
