<?xml version="1.0" encoding="UTF-8"?>
<!-- Generated by org.testng.reporters.JUnitReportReporter -->
<testsuite hostname="Savitha" failures="0" tests="1" name="com.example.Screenshot" time="59.104" errors="0" timestamp="2022-10-05T14:57:44 IST" skipped="0">
  <testcase classname="com.example.Screenshot" name="f" time="59.104"/>
</testsuite> <!-- com.example.Screenshot -->
