<?xml version="1.0" encoding="UTF-8"?>
<!-- Generated by org.testng.reporters.JUnitReportReporter -->
<testsuite hostname="Savitha" failures="0" tests="4" name="com.example.DataProviderTest" time="0.016" errors="0" timestamp="2022-10-06T17:28:00 IST" skipped="0">
  <testcase classname="com.example.DataProviderTest" name="testMethodOne" time="0.011"/>
  <testcase classname="com.example.DataProviderTest" name="testMethodTwo" time="0.002"/>
  <testcase classname="com.example.DataProviderTest" name="testMethodTwo" time="0.001"/>
  <testcase classname="com.example.DataProviderTest" name="testMethodOne" time="0.002"/>
</testsuite> <!-- com.example.DataProviderTest -->
