<?xml version="1.0" encoding="UTF-8"?>
<!-- Generated by org.testng.reporters.JUnitReportReporter -->
<testsuite hostname="Savitha" failures="0" tests="2" name="com.example.TestAnnotations" time="0.062" errors="0" timestamp="2022-10-05T17:51:54 IST" skipped="0">
  <testcase classname="com.example.TestAnnotations" name="Test1" time="0.034"/>
  <testcase classname="com.example.TestAnnotations" name="Test2" time="0.028"/>
</testsuite> <!-- com.example.TestAnnotations -->
