<?xml version="1.0" encoding="UTF-8"?>
<!-- Generated by org.testng.reporters.JUnitReportReporter -->
<testsuite hostname="Savitha" failures="0" tests="2" name="com.example.TestDetails1" time="0.026" errors="0" timestamp="2022-10-06T17:21:05 IST" skipped="0">
  <testcase classname="com.example.TestDetails1" name="testmethod" time="0.024"/>
  <testcase classname="com.example.TestDetails1" name="testmethod1" time="0.002"/>
</testsuite> <!-- com.example.TestDetails1 -->
