<?xml version="1.0" encoding="UTF-8"?>
<!-- Generated by org.testng.reporters.JUnitReportReporter -->
<testsuite hostname="Savitha" failures="0" tests="1" name="com.example.TestCase2" time="71.989" errors="0" timestamp="2022-10-04T21:58:04 IST" skipped="0">
  <testcase classname="com.example.TestCase2" name="f" time="71.989"/>
</testsuite> <!-- com.example.TestCase2 -->
